L 06/12/2022 - 19:17:07: SourceMod log file session started (file "/home/steam/sdk2013/open_fortress/addons/sourcemod/logs/L20220612.log") (Version "1.10.0.6488")
L 06/12/2022 - 19:17:07: [basecommands.smx] "SATANİXON deepgoretube.site<2><[U:1:104738040]><>" changed map to "dm_2fort"
L 06/12/2022 - 19:17:10: [SM] Changed map to "dm_2fort"
L 06/12/2022 - 19:17:16: -------- Mapchange to dm_2fort --------
L 06/12/2022 - 19:17:42: [basecommands.smx] "Console<0><Console><Console>" changed cvar (cvar "sv_unlag_fixstuck") (value "1")
L 06/12/2022 - 19:17:42: [basecommands.smx] "Console<0><Console><Console>" changed cvar (cvar "sv_maxunlag") (value "1")
L 06/12/2022 - 19:17:42: [basecommands.smx] "Console<0><Console><Console>" changed cvar (cvar "sv_forcepreload") (value "0")
L 06/12/2022 - 19:17:42: [basecommands.smx] "Console<0><Console><Console>" changed cvar (cvar "sv_client_predict") (value "1")
L 06/12/2022 - 19:17:42: [basecommands.smx] "Console<0><Console><Console>" changed cvar (cvar "sv_client_cmdrate_difference") (value "0")
L 06/12/2022 - 19:17:42: [basecommands.smx] "Console<0><Console><Console>" changed cvar (cvar "sv_max_queries_window") (value "10")
L 06/12/2022 - 19:53:46: Log file closed.
L 06/12/2022 - 20:23:50: SourceMod log file session started (file "/home/steam/sdk2013/open_fortress/addons/sourcemod/logs/L20220612.log") (Version "1.10.0.6488")
L 06/12/2022 - 20:23:50: -------- Mapchange to dm_2fort --------
L 06/12/2022 - 20:24:17: [basecommands.smx] "Console<0><Console><Console>" changed cvar (cvar "sv_unlag_fixstuck") (value "1")
L 06/12/2022 - 20:24:17: [basecommands.smx] "Console<0><Console><Console>" changed cvar (cvar "sv_maxunlag") (value "1")
L 06/12/2022 - 20:24:17: [basecommands.smx] "Console<0><Console><Console>" changed cvar (cvar "sv_forcepreload") (value "0")
L 06/12/2022 - 20:24:17: [basecommands.smx] "Console<0><Console><Console>" changed cvar (cvar "sv_client_predict") (value "1")
L 06/12/2022 - 20:24:17: [basecommands.smx] "Console<0><Console><Console>" changed cvar (cvar "sv_client_cmdrate_difference") (value "0")
L 06/12/2022 - 20:24:17: [basecommands.smx] "Console<0><Console><Console>" changed cvar (cvar "sv_max_queries_window") (value "10")
L 06/12/2022 - 20:26:08: -------- Mapchange to dm_2fort --------
L 06/12/2022 - 20:26:36: [basecommands.smx] "Console<0><Console><Console>" changed cvar (cvar "sv_unlag_fixstuck") (value "1")
L 06/12/2022 - 20:26:36: [basecommands.smx] "Console<0><Console><Console>" changed cvar (cvar "sv_maxunlag") (value "1")
L 06/12/2022 - 20:26:36: [basecommands.smx] "Console<0><Console><Console>" changed cvar (cvar "sv_forcepreload") (value "0")
L 06/12/2022 - 20:26:36: [basecommands.smx] "Console<0><Console><Console>" changed cvar (cvar "sv_client_predict") (value "1")
L 06/12/2022 - 20:26:36: [basecommands.smx] "Console<0><Console><Console>" changed cvar (cvar "sv_client_cmdrate_difference") (value "0")
L 06/12/2022 - 20:26:36: [basecommands.smx] "Console<0><Console><Console>" changed cvar (cvar "sv_max_queries_window") (value "10")
L 06/12/2022 - 20:34:56: SourceMod log file session started (file "/home/steam/sdk2013/open_fortress/addons/sourcemod/logs/L20220612.log") (Version "1.10.0.6488")
L 06/12/2022 - 20:34:56: -------- Mapchange to dm_2fort --------
L 06/12/2022 - 20:35:24: [basecommands.smx] "Console<0><Console><Console>" changed cvar (cvar "sv_unlag_fixstuck") (value "1")
L 06/12/2022 - 20:35:24: [basecommands.smx] "Console<0><Console><Console>" changed cvar (cvar "sv_maxunlag") (value "1")
L 06/12/2022 - 20:35:24: [basecommands.smx] "Console<0><Console><Console>" changed cvar (cvar "sv_forcepreload") (value "0")
L 06/12/2022 - 20:35:24: [basecommands.smx] "Console<0><Console><Console>" changed cvar (cvar "sv_client_predict") (value "1")
L 06/12/2022 - 20:35:24: [basecommands.smx] "Console<0><Console><Console>" changed cvar (cvar "sv_client_cmdrate_difference") (value "0")
L 06/12/2022 - 20:35:24: [basecommands.smx] "Console<0><Console><Console>" changed cvar (cvar "sv_max_queries_window") (value "10")
L 06/12/2022 - 20:35:35: -------- Mapchange to dm_2fort --------
L 06/12/2022 - 20:36:03: [basecommands.smx] "Console<0><Console><Console>" changed cvar (cvar "sv_unlag_fixstuck") (value "1")
L 06/12/2022 - 20:36:03: [basecommands.smx] "Console<0><Console><Console>" changed cvar (cvar "sv_maxunlag") (value "1")
L 06/12/2022 - 20:36:03: [basecommands.smx] "Console<0><Console><Console>" changed cvar (cvar "sv_forcepreload") (value "0")
L 06/12/2022 - 20:36:03: [basecommands.smx] "Console<0><Console><Console>" changed cvar (cvar "sv_client_predict") (value "1")
L 06/12/2022 - 20:36:03: [basecommands.smx] "Console<0><Console><Console>" changed cvar (cvar "sv_client_cmdrate_difference") (value "0")
L 06/12/2022 - 20:36:03: [basecommands.smx] "Console<0><Console><Console>" changed cvar (cvar "sv_max_queries_window") (value "10")
L 06/12/2022 - 20:36:11: -------- Mapchange to dm_2fort --------
L 06/12/2022 - 20:36:39: [basecommands.smx] "Console<0><Console><Console>" changed cvar (cvar "sv_unlag_fixstuck") (value "1")
L 06/12/2022 - 20:36:39: [basecommands.smx] "Console<0><Console><Console>" changed cvar (cvar "sv_maxunlag") (value "1")
L 06/12/2022 - 20:36:39: [basecommands.smx] "Console<0><Console><Console>" changed cvar (cvar "sv_forcepreload") (value "0")
L 06/12/2022 - 20:36:39: [basecommands.smx] "Console<0><Console><Console>" changed cvar (cvar "sv_client_predict") (value "1")
L 06/12/2022 - 20:36:39: [basecommands.smx] "Console<0><Console><Console>" changed cvar (cvar "sv_client_cmdrate_difference") (value "0")
L 06/12/2022 - 20:36:39: [basecommands.smx] "Console<0><Console><Console>" changed cvar (cvar "sv_max_queries_window") (value "10")
L 06/12/2022 - 20:37:05: -------- Mapchange to dm_boxy --------
L 06/12/2022 - 20:37:36: [basecommands.smx] "Console<0><Console><Console>" changed cvar (cvar "sv_unlag_fixstuck") (value "1")
L 06/12/2022 - 20:37:36: [basecommands.smx] "Console<0><Console><Console>" changed cvar (cvar "sv_maxunlag") (value "1")
L 06/12/2022 - 20:37:36: [basecommands.smx] "Console<0><Console><Console>" changed cvar (cvar "sv_forcepreload") (value "0")
L 06/12/2022 - 20:37:36: [basecommands.smx] "Console<0><Console><Console>" changed cvar (cvar "sv_client_predict") (value "1")
L 06/12/2022 - 20:37:36: [basecommands.smx] "Console<0><Console><Console>" changed cvar (cvar "sv_client_cmdrate_difference") (value "0")
L 06/12/2022 - 20:37:36: [basecommands.smx] "Console<0><Console><Console>" changed cvar (cvar "sv_max_queries_window") (value "10")
L 06/12/2022 - 20:37:48: -------- Mapchange to dm_boxy --------
L 06/12/2022 - 20:38:14: [basecommands.smx] "Console<0><Console><Console>" changed cvar (cvar "sv_unlag_fixstuck") (value "1")
L 06/12/2022 - 20:38:14: [basecommands.smx] "Console<0><Console><Console>" changed cvar (cvar "sv_maxunlag") (value "1")
L 06/12/2022 - 20:38:14: [basecommands.smx] "Console<0><Console><Console>" changed cvar (cvar "sv_forcepreload") (value "0")
L 06/12/2022 - 20:38:14: [basecommands.smx] "Console<0><Console><Console>" changed cvar (cvar "sv_client_predict") (value "1")
L 06/12/2022 - 20:38:14: [basecommands.smx] "Console<0><Console><Console>" changed cvar (cvar "sv_client_cmdrate_difference") (value "0")
L 06/12/2022 - 20:38:14: [basecommands.smx] "Console<0><Console><Console>" changed cvar (cvar "sv_max_queries_window") (value "10")
L 06/12/2022 - 20:40:31: -------- Mapchange to dm_backfort --------
L 06/12/2022 - 20:41:02: [basecommands.smx] "Console<0><Console><Console>" changed cvar (cvar "sv_unlag_fixstuck") (value "1")
L 06/12/2022 - 20:41:02: [basecommands.smx] "Console<0><Console><Console>" changed cvar (cvar "sv_maxunlag") (value "1")
L 06/12/2022 - 20:41:02: [basecommands.smx] "Console<0><Console><Console>" changed cvar (cvar "sv_forcepreload") (value "0")
L 06/12/2022 - 20:41:02: [basecommands.smx] "Console<0><Console><Console>" changed cvar (cvar "sv_client_predict") (value "1")
L 06/12/2022 - 20:41:02: [basecommands.smx] "Console<0><Console><Console>" changed cvar (cvar "sv_client_cmdrate_difference") (value "0")
L 06/12/2022 - 20:41:02: [basecommands.smx] "Console<0><Console><Console>" changed cvar (cvar "sv_max_queries_window") (value "10")
L 06/12/2022 - 20:45:41: -------- Mapchange to dm_skate --------
L 06/12/2022 - 20:46:22: [basecommands.smx] "Console<0><Console><Console>" changed cvar (cvar "sv_unlag_fixstuck") (value "1")
L 06/12/2022 - 20:46:22: [basecommands.smx] "Console<0><Console><Console>" changed cvar (cvar "sv_maxunlag") (value "1")
L 06/12/2022 - 20:46:22: [basecommands.smx] "Console<0><Console><Console>" changed cvar (cvar "sv_forcepreload") (value "0")
L 06/12/2022 - 20:46:22: [basecommands.smx] "Console<0><Console><Console>" changed cvar (cvar "sv_client_predict") (value "1")
L 06/12/2022 - 20:46:22: [basecommands.smx] "Console<0><Console><Console>" changed cvar (cvar "sv_client_cmdrate_difference") (value "0")
L 06/12/2022 - 20:46:22: [basecommands.smx] "Console<0><Console><Console>" changed cvar (cvar "sv_max_queries_window") (value "10")
L 06/12/2022 - 21:23:03: -------- Mapchange to dm_skate --------
L 06/12/2022 - 21:23:29: [basecommands.smx] "Console<0><Console><Console>" changed cvar (cvar "sv_unlag_fixstuck") (value "1")
L 06/12/2022 - 21:23:29: [basecommands.smx] "Console<0><Console><Console>" changed cvar (cvar "sv_maxunlag") (value "1")
L 06/12/2022 - 21:23:29: [basecommands.smx] "Console<0><Console><Console>" changed cvar (cvar "sv_forcepreload") (value "1")
L 06/12/2022 - 21:23:29: [basecommands.smx] "Console<0><Console><Console>" changed cvar (cvar "sv_client_predict") (value "1")
L 06/12/2022 - 21:23:29: [basecommands.smx] "Console<0><Console><Console>" changed cvar (cvar "sv_client_cmdrate_difference") (value "0")
L 06/12/2022 - 21:23:29: [basecommands.smx] "Console<0><Console><Console>" changed cvar (cvar "sv_max_queries_window") (value "10")
L 06/12/2022 - 21:25:14: -------- Mapchange to dm_skate --------
L 06/12/2022 - 21:25:40: [basecommands.smx] "Console<0><Console><Console>" changed cvar (cvar "sv_unlag_fixstuck") (value "1")
L 06/12/2022 - 21:25:40: [basecommands.smx] "Console<0><Console><Console>" changed cvar (cvar "sv_maxunlag") (value "1")
L 06/12/2022 - 21:25:40: [basecommands.smx] "Console<0><Console><Console>" changed cvar (cvar "sv_forcepreload") (value "1")
L 06/12/2022 - 21:25:40: [basecommands.smx] "Console<0><Console><Console>" changed cvar (cvar "sv_client_predict") (value "1")
L 06/12/2022 - 21:25:40: [basecommands.smx] "Console<0><Console><Console>" changed cvar (cvar "sv_client_cmdrate_difference") (value "0")
L 06/12/2022 - 21:25:40: [basecommands.smx] "Console<0><Console><Console>" changed cvar (cvar "sv_max_queries_window") (value "10")
L 06/12/2022 - 21:39:37: -------- Mapchange to dm_backfort --------
L 06/12/2022 - 21:40:04: [basecommands.smx] "Console<0><Console><Console>" changed cvar (cvar "sv_unlag_fixstuck") (value "1")
L 06/12/2022 - 21:40:04: [basecommands.smx] "Console<0><Console><Console>" changed cvar (cvar "sv_maxunlag") (value "1")
L 06/12/2022 - 21:40:04: [basecommands.smx] "Console<0><Console><Console>" changed cvar (cvar "sv_forcepreload") (value "1")
L 06/12/2022 - 21:40:04: [basecommands.smx] "Console<0><Console><Console>" changed cvar (cvar "sv_client_predict") (value "1")
L 06/12/2022 - 21:40:04: [basecommands.smx] "Console<0><Console><Console>" changed cvar (cvar "sv_client_cmdrate_difference") (value "0")
L 06/12/2022 - 21:40:04: [basecommands.smx] "Console<0><Console><Console>" changed cvar (cvar "sv_max_queries_window") (value "10")
L 06/12/2022 - 21:41:45: -------- Mapchange to dm_backfort --------
L 06/12/2022 - 21:42:14: [basecommands.smx] "Console<0><Console><Console>" changed cvar (cvar "sv_unlag_fixstuck") (value "1")
L 06/12/2022 - 21:42:14: [basecommands.smx] "Console<0><Console><Console>" changed cvar (cvar "sv_maxunlag") (value "1")
L 06/12/2022 - 21:42:14: [basecommands.smx] "Console<0><Console><Console>" changed cvar (cvar "sv_forcepreload") (value "1")
L 06/12/2022 - 21:42:14: [basecommands.smx] "Console<0><Console><Console>" changed cvar (cvar "sv_client_predict") (value "1")
L 06/12/2022 - 21:42:14: [basecommands.smx] "Console<0><Console><Console>" changed cvar (cvar "sv_client_cmdrate_difference") (value "0")
L 06/12/2022 - 21:42:14: [basecommands.smx] "Console<0><Console><Console>" changed cvar (cvar "sv_max_queries_window") (value "10")
L 06/12/2022 - 21:43:59: -------- Mapchange to dm_backfort --------
L 06/12/2022 - 21:44:26: [basecommands.smx] "Console<0><Console><Console>" changed cvar (cvar "sv_unlag_fixstuck") (value "1")
L 06/12/2022 - 21:44:26: [basecommands.smx] "Console<0><Console><Console>" changed cvar (cvar "sv_maxunlag") (value "1")
L 06/12/2022 - 21:44:26: [basecommands.smx] "Console<0><Console><Console>" changed cvar (cvar "sv_forcepreload") (value "1")
L 06/12/2022 - 21:44:26: [basecommands.smx] "Console<0><Console><Console>" changed cvar (cvar "sv_client_predict") (value "1")
L 06/12/2022 - 21:44:26: [basecommands.smx] "Console<0><Console><Console>" changed cvar (cvar "sv_client_cmdrate_difference") (value "0")
L 06/12/2022 - 21:44:26: [basecommands.smx] "Console<0><Console><Console>" changed cvar (cvar "sv_max_queries_window") (value "10")
L 06/12/2022 - 21:44:40: -------- Mapchange to dm_backfort --------
L 06/12/2022 - 21:45:06: [basecommands.smx] "Console<0><Console><Console>" changed cvar (cvar "sv_unlag_fixstuck") (value "1")
L 06/12/2022 - 21:45:06: [basecommands.smx] "Console<0><Console><Console>" changed cvar (cvar "sv_maxunlag") (value "1")
L 06/12/2022 - 21:45:06: [basecommands.smx] "Console<0><Console><Console>" changed cvar (cvar "sv_forcepreload") (value "1")
L 06/12/2022 - 21:45:06: [basecommands.smx] "Console<0><Console><Console>" changed cvar (cvar "sv_client_predict") (value "1")
L 06/12/2022 - 21:45:06: [basecommands.smx] "Console<0><Console><Console>" changed cvar (cvar "sv_client_cmdrate_difference") (value "0")
L 06/12/2022 - 21:45:06: [basecommands.smx] "Console<0><Console><Console>" changed cvar (cvar "sv_max_queries_window") (value "10")
L 06/12/2022 - 21:49:25: SourceMod log file session started (file "/home/steam/sdk2013/open_fortress/addons/sourcemod/logs/L20220612.log") (Version "1.10.0.6488")
L 06/12/2022 - 21:49:25: -------- Mapchange to dm_backfort --------
L 06/12/2022 - 21:49:52: [basecommands.smx] "Console<0><Console><Console>" changed cvar (cvar "sv_unlag_fixstuck") (value "1")
L 06/12/2022 - 21:49:52: [basecommands.smx] "Console<0><Console><Console>" changed cvar (cvar "sv_maxunlag") (value "1")
L 06/12/2022 - 21:49:52: [basecommands.smx] "Console<0><Console><Console>" changed cvar (cvar "sv_forcepreload") (value "1")
L 06/12/2022 - 21:49:52: [basecommands.smx] "Console<0><Console><Console>" changed cvar (cvar "sv_client_predict") (value "1")
L 06/12/2022 - 21:49:52: [basecommands.smx] "Console<0><Console><Console>" changed cvar (cvar "sv_client_cmdrate_difference") (value "0")
L 06/12/2022 - 21:49:52: [basecommands.smx] "Console<0><Console><Console>" changed cvar (cvar "sv_max_queries_window") (value "10")
L 06/12/2022 - 21:50:13: Log file closed.
