L 06/07/2022 - 11:30:20: SourceMod log file session started (file "/home/steam/sdk2013/open_fortress/addons/sourcemod/logs/L20220607.log") (Version "1.10.0.6488")
L 06/07/2022 - 11:30:20: [UPDATER] Successfully updated gamedata file "sm-tf2.games.txt"
L 06/07/2022 - 11:30:20: [UPDATER] Successfully updated gamedata file "sm-cstrike.games/game.csgo.txt"
L 06/07/2022 - 11:30:20: [UPDATER] Successfully updated gamedata file "sdktools.games/game.hl2mp.txt"
L 06/07/2022 - 11:30:20: [UPDATER] Successfully updated gamedata file "sdktools.games/game.cstrike.txt"
L 06/07/2022 - 11:30:20: [UPDATER] Successfully updated gamedata file "sdktools.games/engine.csgo.txt"
L 06/07/2022 - 11:30:20: [UPDATER] Successfully updated gamedata file "sdktools.games/engine.insurgency.txt"
L 06/07/2022 - 11:30:20: [UPDATER] Successfully updated gamedata file "sdktools.games/game.bms.txt"
L 06/07/2022 - 11:30:20: [UPDATER] Successfully updated gamedata file "sdktools.games/engine.l4d.txt"
L 06/07/2022 - 11:30:20: [UPDATER] Successfully updated gamedata file "sdktools.games/game.zpanic.txt"
L 06/07/2022 - 11:30:20: [UPDATER] Successfully updated gamedata file "sdktools.games/engine.css.txt"
L 06/07/2022 - 11:30:20: [UPDATER] Successfully updated gamedata file "sdktools.games/game.nmrih.txt"
L 06/07/2022 - 11:30:20: [UPDATER] Successfully updated gamedata file "sdktools.games/engine.blade.txt"
L 06/07/2022 - 11:30:20: [UPDATER] Successfully updated gamedata file "sdktools.games/game.tf.txt"
L 06/07/2022 - 11:30:20: [UPDATER] Successfully updated gamedata file "sdktools.games/game.left4dead2.txt"
L 06/07/2022 - 11:30:20: [UPDATER] Successfully updated gamedata file "sdkhooks.games/engine.insurgency.txt"
L 06/07/2022 - 11:30:20: [UPDATER] Successfully updated gamedata file "sdkhooks.games/game.zpanic.txt"
L 06/07/2022 - 11:30:20: [UPDATER] Successfully updated gamedata file "sdkhooks.games/engine.blade.txt"
L 06/07/2022 - 11:30:20: [UPDATER] Successfully updated gamedata file "funcommands.games.txt"
L 06/07/2022 - 11:30:20: [UPDATER] Successfully updated gamedata file "core.games/blacklist.plugins.txt"
L 06/07/2022 - 11:30:20: [UPDATER] Successfully updated gamedata file "core.games/engine.ep1.txt"
L 06/07/2022 - 11:30:20: [UPDATER] Successfully updated gamedata file "core.games/engine.insurgency.txt"
L 06/07/2022 - 11:30:20: [UPDATER] Successfully updated gamedata file "core.games/master.games.txt"
L 06/07/2022 - 11:30:20: [UPDATER] Successfully updated gamedata file "core.games/common.games.txt"
L 06/07/2022 - 11:30:20: [UPDATER] SourceMod has been updated, please reload it or restart your server.
