07-Jun-2022 - 11:33:20: File received: user_custom/24/24c623da.dat
07-Jun-2022 - 11:33:33: File received: user_custom/24/24c623da.dat from (graggle simpson) [STEAM_0:1:169383372]
08-Jun-2022 - 14:07:04: File received: user_custom/e8/e836d713.dat
08-Jun-2022 - 14:07:12: File received: user_custom/fc/fc819e34.dat
08-Jun-2022 - 14:07:29: File received: user_custom/fc/fc819e34.dat
08-Jun-2022 - 14:07:47: File received: user_custom/fc/fc819e34.dat
08-Jun-2022 - 15:15:46: File received: user_custom/22/220fc01c.dat
08-Jun-2022 - 15:28:43: File received: user_custom/79/79d190da.dat
08-Jun-2022 - 15:28:46: File received: user_custom/76/76ee037f.dat
08-Jun-2022 - 15:29:11: File received: user_custom/79/79d190da.dat from (MesonicPrism696) [STEAM_0:1:612360611]
08-Jun-2022 - 15:29:19: File received: user_custom/76/76ee037f.dat from (Stickizz49) [STEAM_0:0:605068837]
08-Jun-2022 - 15:37:32: File received: user_custom/66/66bda966.dat
08-Jun-2022 - 15:37:33: File received: user_custom/66/66bda966.dat from (Joh) [STEAM_0:0:6007754]
08-Jun-2022 - 15:37:33: File received: user_custom/66/66bda966.dat from (Joh) [STEAM_0:0:6007754]
08-Jun-2022 - 15:37:41: File received: user_custom/66/66bda966.dat from (Joh) [STEAM_0:0:6007754]
08-Jun-2022 - 15:38:17: File received: user_custom/a0/a06b1f7f.dat
08-Jun-2022 - 15:38:19: File received: user_custom/a0/a06b1f7f.dat from (Burner) [STEAM_0:1:116168260]
08-Jun-2022 - 15:38:19: File received: user_custom/a0/a06b1f7f.dat from (Burner) [STEAM_0:1:116168260]
08-Jun-2022 - 15:39:24: File received: user_custom/a0/a06b1f7f.dat from (Burner) [STEAM_0:1:116168260]
08-Jun-2022 - 16:04:41: File received: user_custom/9a/9a36ad41.dat
08-Jun-2022 - 16:29:48: File received: user_custom/cb/cbcc5a4e.dat
08-Jun-2022 - 16:29:56: File received: user_custom/cb/cbcc5a4e.dat from (HazMad) [STEAM_0:0:442133052]
08-Jun-2022 - 17:01:12: File received: user_custom/93/93814a9f.dat
08-Jun-2022 - 17:23:45: File received: user_custom/1e/1eead6c1.dat
08-Jun-2022 - 17:23:46: File received: user_custom/1e/1eead6c1.dat from (silvλ) [STEAM_0:1:94850331]
08-Jun-2022 - 17:24:13: File received: user_custom/1e/1eead6c1.dat from (silvλ) [STEAM_0:1:94850331]
08-Jun-2022 - 17:26:51: File received: user_custom/ab/abf9bd16.dat
08-Jun-2022 - 17:28:41: File received: user_custom/02/02157df9.dat
08-Jun-2022 - 17:32:45: File received: user_custom/02/02157df9.dat
08-Jun-2022 - 17:33:35: File received: user_custom/d6/d65bbced.dat
08-Jun-2022 - 17:33:39: File received: user_custom/d6/d65bbced.dat from (GermanJetLag) [STEAM_0:0:174799098]
08-Jun-2022 - 17:33:39: File received: user_custom/d6/d65bbced.dat from (GermanJetLag) [STEAM_0:0:174799098]
08-Jun-2022 - 17:33:39: File received: user_custom/d6/d65bbced.dat from (GermanJetLag) [STEAM_0:0:174799098]
08-Jun-2022 - 17:33:39: File received: user_custom/d6/d65bbced.dat from (GermanJetLag) [STEAM_0:0:174799098]
08-Jun-2022 - 17:33:39: File received: user_custom/d6/d65bbced.dat from (GermanJetLag) [STEAM_0:0:174799098]
08-Jun-2022 - 17:33:39: File received: user_custom/d6/d65bbced.dat from (GermanJetLag) [STEAM_0:0:174799098]
08-Jun-2022 - 17:33:49: File received: user_custom/d6/d65bbced.dat from (GermanJetLag) [STEAM_0:0:174799098]
08-Jun-2022 - 17:33:49: File received: user_custom/a0/a002c2a2.dat
08-Jun-2022 - 17:33:50: File received: user_custom/a0/a002c2a2.dat from (Best1) [STEAM_0:1:499958339]
08-Jun-2022 - 17:33:51: File received: user_custom/a0/a002c2a2.dat from (Best1) [STEAM_0:1:499958339]
08-Jun-2022 - 17:33:51: File received: user_custom/a0/a002c2a2.dat from (Best1) [STEAM_0:1:499958339]
08-Jun-2022 - 17:33:51: File received: user_custom/a0/a002c2a2.dat from (Best1) [STEAM_0:1:499958339]
08-Jun-2022 - 17:33:51: File received: user_custom/a0/a002c2a2.dat from (Best1) [STEAM_0:1:499958339]
08-Jun-2022 - 17:33:52: File received: user_custom/d6/d65bbced.dat from (GermanJetLag) [STEAM_0:0:174799098]
08-Jun-2022 - 17:33:56: File received: user_custom/a0/a002c2a2.dat from (Best1) [STEAM_0:1:499958339]
08-Jun-2022 - 18:52:15: File received: user_custom/f3/f3f3eb88.dat
08-Jun-2022 - 18:52:24: File received: user_custom/f3/f3f3eb88.dat from (Dark Horse) [STEAM_0:1:56801375]
08-Jun-2022 - 18:52:32: File received: user_custom/3f/3fb5498f.dat
08-Jun-2022 - 18:52:33: File received: user_custom/3f/3fb5498f.dat from (Spooks) [STEAM_0:0:156199415]
08-Jun-2022 - 18:52:44: File received: user_custom/3f/3fb5498f.dat from (Spooks) [STEAM_0:0:156199415]
08-Jun-2022 - 18:58:12: File received: user_custom/9a/9ad8e6a0.dat
08-Jun-2022 - 18:58:15: File received: user_custom/9a/9ad8e6a0.dat from (neco arc gaming) [STEAM_0:1:544687190]
08-Jun-2022 - 18:58:15: File received: user_custom/9a/9ad8e6a0.dat from (neco arc gaming) [STEAM_0:1:544687190]
08-Jun-2022 - 18:58:15: File received: user_custom/9a/9ad8e6a0.dat from (neco arc gaming) [STEAM_0:1:544687190]
08-Jun-2022 - 18:58:59: File received: user_custom/9a/9ad8e6a0.dat from (neco arc gaming) [STEAM_0:1:544687190]
08-Jun-2022 - 18:59:35: File received: user_custom/d0/d021f7fb.dat
08-Jun-2022 - 18:59:36: File received: user_custom/d0/d021f7fb.dat from (Winda) [STEAM_0:0:521723531]
08-Jun-2022 - 18:59:36: File received: user_custom/d0/d021f7fb.dat from (Winda) [STEAM_0:0:521723531]
08-Jun-2022 - 18:59:36: File received: user_custom/d0/d021f7fb.dat from (Winda) [STEAM_0:0:521723531]
08-Jun-2022 - 18:59:36: File received: user_custom/d0/d021f7fb.dat from (Winda) [STEAM_0:0:521723531]
08-Jun-2022 - 18:59:37: File received: user_custom/d0/d021f7fb.dat from (Winda) [STEAM_0:0:521723531]
08-Jun-2022 - 18:59:47: File received: user_custom/d0/d021f7fb.dat from (Winda) [STEAM_0:0:521723531]
08-Jun-2022 - 19:00:58: File received: user_custom/c9/c9121dbb.dat
08-Jun-2022 - 19:00:59: File received: user_custom/c9/c9121dbb.dat from (ZoinkZonk) [STEAM_0:1:227118877]
08-Jun-2022 - 19:00:59: File received: user_custom/c9/c9121dbb.dat from (ZoinkZonk) [STEAM_0:1:227118877]
08-Jun-2022 - 19:00:59: File received: user_custom/c9/c9121dbb.dat from (ZoinkZonk) [STEAM_0:1:227118877]
08-Jun-2022 - 19:00:59: File received: user_custom/c9/c9121dbb.dat from (ZoinkZonk) [STEAM_0:1:227118877]
08-Jun-2022 - 19:00:59: File received: user_custom/c9/c9121dbb.dat from (ZoinkZonk) [STEAM_0:1:227118877]
08-Jun-2022 - 19:01:00: File received: user_custom/c9/c9121dbb.dat from (ZoinkZonk) [STEAM_0:1:227118877]
08-Jun-2022 - 19:01:38: File received: user_custom/c9/c9121dbb.dat from (ZoinkZonk) [STEAM_0:1:227118877]
12-Jun-2022 - 19:40:01: File received: user_custom/6b/6b1a1e15.dat
12-Jun-2022 - 19:40:25: File received: user_custom/6b/6b1a1e15.dat from (Zedrin) [STEAM_0:1:32574178]
12-Jun-2022 - 21:37:33: File received: user_custom/cc/cca9c920.dat
12-Jun-2022 - 21:37:41: File received: user_custom/cc/cca9c920.dat from (mrazam bugari) [STEAM_0:0:47516747]
12-Jun-2022 - 21:38:19: File received: user_custom/c0/c065abd8.dat
12-Jun-2022 - 21:38:22: File received: user_custom/c0/c065abd8.dat from (MEG4K1LL) [STEAM_0:0:78630055]
